<?xml version="1.0" encoding="UTF-8"?>
<testsuite xmlns:xsi="http://www.w3.org/2001/XMLSchema-instance" xsi:noNamespaceSchemaLocation="https://maven.apache.org/surefire/maven-surefire-plugin/xsd/surefire-test-report-3.0.xsd" version="3.0" name="com.example.MySpringBootApplicationTest" time="4.489" tests="1" errors="0" skipped="0" failures="0">
  <properties>
    <property name="java.specification.version" value="17"/>
    <property name="sun.jnu.encoding" value="UTF-8"/>
    <property name="java.class.path" value="/home/dscrimie/Lavoro/camel-route-job-springboot/target/test-classes:/home/dscrimie/Lavoro/camel-route-job-springboot/target/classes:/home/dscrimie/.m2/repository/org/springframework/boot/spring-boot-starter-web/2.7.6/spring-boot-starter-web-2.7.6.jar:/home/dscrimie/.m2/repository/org/springframework/boot/spring-boot-starter/2.7.6/spring-boot-starter-2.7.6.jar:/home/dscrimie/.m2/repository/org/springframework/boot/spring-boot/2.7.6/spring-boot-2.7.6.jar:/home/dscrimie/.m2/repository/org/springframework/boot/spring-boot-autoconfigure/2.7.6/spring-boot-autoconfigure-2.7.6.jar:/home/dscrimie/.m2/repository/org/springframework/boot/spring-boot-starter-logging/2.7.6/spring-boot-starter-logging-2.7.6.jar:/home/dscrimie/.m2/repository/ch/qos/logback/logback-classic/1.2.11/logback-classic-1.2.11.jar:/home/dscrimie/.m2/repository/ch/qos/logback/logback-core/1.2.11/logback-core-1.2.11.jar:/home/dscrimie/.m2/repository/org/apache/logging/log4j/log4j-to-slf4j/2.17.2/log4j-to-slf4j-2.17.2.jar:/home/dscrimie/.m2/repository/org/apache/logging/log4j/log4j-api/2.17.2/log4j-api-2.17.2.jar:/home/dscrimie/.m2/repository/org/slf4j/jul-to-slf4j/1.7.36/jul-to-slf4j-1.7.36.jar:/home/dscrimie/.m2/repository/jakarta/annotation/jakarta.annotation-api/1.3.5/jakarta.annotation-api-1.3.5.jar:/home/dscrimie/.m2/repository/org/yaml/snakeyaml/1.30/snakeyaml-1.30.jar:/home/dscrimie/.m2/repository/org/springframework/boot/spring-boot-starter-json/2.7.6/spring-boot-starter-json-2.7.6.jar:/home/dscrimie/.m2/repository/com/fasterxml/jackson/core/jackson-databind/2.13.4.2/jackson-databind-2.13.4.2.jar:/home/dscrimie/.m2/repository/com/fasterxml/jackson/core/jackson-annotations/2.13.4/jackson-annotations-2.13.4.jar:/home/dscrimie/.m2/repository/com/fasterxml/jackson/core/jackson-core/2.13.4/jackson-core-2.13.4.jar:/home/dscrimie/.m2/repository/com/fasterxml/jackson/datatype/jackson-datatype-jdk8/2.13.4/jackson-datatype-jdk8-2.13.4.jar:/home/dscrimie/.m2/repository/com/fasterxml/jackson/datatype/jackson-datatype-jsr310/2.13.4/jackson-datatype-jsr310-2.13.4.jar:/home/dscrimie/.m2/repository/com/fasterxml/jackson/module/jackson-module-parameter-names/2.13.4/jackson-module-parameter-names-2.13.4.jar:/home/dscrimie/.m2/repository/org/springframework/spring-web/5.3.24/spring-web-5.3.24.jar:/home/dscrimie/.m2/repository/org/springframework/spring-beans/5.3.24/spring-beans-5.3.24.jar:/home/dscrimie/.m2/repository/org/springframework/spring-webmvc/5.3.24/spring-webmvc-5.3.24.jar:/home/dscrimie/.m2/repository/org/springframework/spring-aop/5.3.24/spring-aop-5.3.24.jar:/home/dscrimie/.m2/repository/org/springframework/spring-context/5.3.24/spring-context-5.3.24.jar:/home/dscrimie/.m2/repository/org/springframework/spring-expression/5.3.24/spring-expression-5.3.24.jar:/home/dscrimie/.m2/repository/org/springframework/boot/spring-boot-starter-undertow/2.7.6/spring-boot-starter-undertow-2.7.6.jar:/home/dscrimie/.m2/repository/io/undertow/undertow-core/2.2.20.Final/undertow-core-2.2.20.Final.jar:/home/dscrimie/.m2/repository/org/jboss/logging/jboss-logging/3.4.3.Final/jboss-logging-3.4.3.Final.jar:/home/dscrimie/.m2/repository/org/jboss/xnio/xnio-api/3.8.7.Final/xnio-api-3.8.7.Final.jar:/home/dscrimie/.m2/repository/org/wildfly/common/wildfly-common/1.5.4.Final/wildfly-common-1.5.4.Final.jar:/home/dscrimie/.m2/repository/org/wildfly/client/wildfly-client-config/1.0.1.Final/wildfly-client-config-1.0.1.Final.jar:/home/dscrimie/.m2/repository/org/jboss/xnio/xnio-nio/3.8.7.Final/xnio-nio-3.8.7.Final.jar:/home/dscrimie/.m2/repository/org/jboss/threads/jboss-threads/3.1.0.Final/jboss-threads-3.1.0.Final.jar:/home/dscrimie/.m2/repository/io/undertow/undertow-servlet/2.2.20.Final/undertow-servlet-2.2.20.Final.jar:/home/dscrimie/.m2/repository/io/undertow/undertow-websockets-jsr/2.2.20.Final/undertow-websockets-jsr-2.2.20.Final.jar:/home/dscrimie/.m2/repository/jakarta/servlet/jakarta.servlet-api/4.0.4/jakarta.servlet-api-4.0.4.jar:/home/dscrimie/.m2/repository/jakarta/websocket/jakarta.websocket-api/1.1.2/jakarta.websocket-api-1.1.2.jar:/home/dscrimie/.m2/repository/org/apache/tomcat/embed/tomcat-embed-el/9.0.69/tomcat-embed-el-9.0.69.jar:/home/dscrimie/.m2/repository/org/springframework/boot/spring-boot-starter-actuator/2.7.6/spring-boot-starter-actuator-2.7.6.jar:/home/dscrimie/.m2/repository/org/springframework/boot/spring-boot-actuator-autoconfigure/2.7.6/spring-boot-actuator-autoconfigure-2.7.6.jar:/home/dscrimie/.m2/repository/org/springframework/boot/spring-boot-actuator/2.7.6/spring-boot-actuator-2.7.6.jar:/home/dscrimie/.m2/repository/io/micrometer/micrometer-core/1.9.6/micrometer-core-1.9.6.jar:/home/dscrimie/.m2/repository/org/hdrhistogram/HdrHistogram/2.1.12/HdrHistogram-2.1.12.jar:/home/dscrimie/.m2/repository/org/latencyutils/LatencyUtils/2.0.3/LatencyUtils-2.0.3.jar:/home/dscrimie/.m2/repository/org/apache/camel/springboot/camel-spring-boot-starter/3.18.3.redhat-00025/camel-spring-boot-starter-3.18.3.redhat-00025.jar:/home/dscrimie/.m2/repository/org/apache/camel/springboot/camel-spring-boot/3.18.3.redhat-00025/camel-spring-boot-3.18.3.redhat-00025.jar:/home/dscrimie/.m2/repository/org/apache/camel/camel-spring/3.18.3/camel-spring-3.18.3.jar:/home/dscrimie/.m2/repository/org/apache/camel/camel-management-api/3.18.3/camel-management-api-3.18.3.jar:/home/dscrimie/.m2/repository/org/springframework/spring-tx/5.3.24/spring-tx-5.3.24.jar:/home/dscrimie/.m2/repository/org/apache/camel/camel-spring-main/3.18.3/camel-spring-main-3.18.3.jar:/home/dscrimie/.m2/repository/org/apache/camel/camel-main/3.18.3/camel-main-3.18.3.jar:/home/dscrimie/.m2/repository/org/apache/camel/camel-base/3.18.3/camel-base-3.18.3.jar:/home/dscrimie/.m2/repository/org/apache/camel/camel-util-json/3.18.3.redhat-00022/camel-util-json-3.18.3.redhat-00022.jar:/home/dscrimie/.m2/repository/org/apache/camel/camel-xml-jaxb-dsl/3.18.3/camel-xml-jaxb-dsl-3.18.3.jar:/home/dscrimie/.m2/repository/org/apache/camel/camel-dsl-support/3.18.3/camel-dsl-support-3.18.3.jar:/home/dscrimie/.m2/repository/org/apache/camel/camel-cloud/3.18.3.redhat-00022/camel-cloud-3.18.3.redhat-00022.jar:/home/dscrimie/.m2/repository/org/apache/camel/camel-core-model/3.18.3.redhat-00022/camel-core-model-3.18.3.redhat-00022.jar:/home/dscrimie/.m2/repository/org/apache/camel/camel-core-processor/3.18.3.redhat-00022/camel-core-processor-3.18.3.redhat-00022.jar:/home/dscrimie/.m2/repository/org/apache/camel/camel-cluster/3.18.3.redhat-00022/camel-cluster-3.18.3.redhat-00022.jar:/home/dscrimie/.m2/repository/org/apache/camel/camel-base-engine/3.18.3.redhat-00022/camel-base-engine-3.18.3.redhat-00022.jar:/home/dscrimie/.m2/repository/org/apache/camel/camel-health/3.18.3.redhat-00022/camel-health-3.18.3.redhat-00022.jar:/home/dscrimie/.m2/repository/org/apache/camel/springboot/camel-core-starter/3.18.3.redhat-00025/camel-core-starter-3.18.3.redhat-00025.jar:/home/dscrimie/.m2/repository/org/apache/camel/camel-core-engine/3.18.3.redhat-00022/camel-core-engine-3.18.3.redhat-00022.jar:/home/dscrimie/.m2/repository/org/apache/camel/camel-api/3.18.3.redhat-00022/camel-api-3.18.3.redhat-00022.jar:/home/dscrimie/.m2/repository/org/apache/camel/camel-core-reifier/3.18.3.redhat-00022/camel-core-reifier-3.18.3.redhat-00022.jar:/home/dscrimie/.m2/repository/org/apache/camel/camel-util/3.18.3.redhat-00022/camel-util-3.18.3.redhat-00022.jar:/home/dscrimie/.m2/repository/org/apache/camel/springboot/camel-bean-starter/3.18.3.redhat-00025/camel-bean-starter-3.18.3.redhat-00025.jar:/home/dscrimie/.m2/repository/org/apache/camel/camel-bean/3.18.3.redhat-00022/camel-bean-3.18.3.redhat-00022.jar:/home/dscrimie/.m2/repository/org/apache/camel/springboot/camel-browse-starter/3.18.3.redhat-00025/camel-browse-starter-3.18.3.redhat-00025.jar:/home/dscrimie/.m2/repository/org/apache/camel/camel-browse/3.18.3.redhat-00022/camel-browse-3.18.3.redhat-00022.jar:/home/dscrimie/.m2/repository/org/apache/camel/springboot/camel-controlbus-starter/3.18.3.redhat-00025/camel-controlbus-starter-3.18.3.redhat-00025.jar:/home/dscrimie/.m2/repository/org/apache/camel/camel-controlbus/3.18.3.redhat-00022/camel-controlbus-3.18.3.redhat-00022.jar:/home/dscrimie/.m2/repository/org/apache/camel/springboot/camel-dataformat-starter/3.18.3.redhat-00025/camel-dataformat-starter-3.18.3.redhat-00025.jar:/home/dscrimie/.m2/repository/org/apache/camel/camel-dataformat/3.18.3.redhat-00022/camel-dataformat-3.18.3.redhat-00022.jar:/home/dscrimie/.m2/repository/org/apache/camel/springboot/camel-dataset-starter/3.18.3.redhat-00025/camel-dataset-starter-3.18.3.redhat-00025.jar:/home/dscrimie/.m2/repository/org/apache/camel/camel-dataset/3.18.3.redhat-00022/camel-dataset-3.18.3.redhat-00022.jar:/home/dscrimie/.m2/repository/org/apache/camel/springboot/camel-direct-starter/3.18.3.redhat-00025/camel-direct-starter-3.18.3.redhat-00025.jar:/home/dscrimie/.m2/repository/org/apache/camel/camel-direct/3.18.3.redhat-00022/camel-direct-3.18.3.redhat-00022.jar:/home/dscrimie/.m2/repository/org/apache/camel/springboot/camel-directvm-starter/3.18.3/camel-directvm-starter-3.18.3.jar:/home/dscrimie/.m2/repository/org/apache/camel/camel-directvm/3.18.3/camel-directvm-3.18.3.jar:/home/dscrimie/.m2/repository/org/apache/camel/springboot/camel-file-starter/3.18.3.redhat-00025/camel-file-starter-3.18.3.redhat-00025.jar:/home/dscrimie/.m2/repository/org/apache/camel/camel-file/3.18.3.redhat-00022/camel-file-3.18.3.redhat-00022.jar:/home/dscrimie/.m2/repository/org/apache/camel/springboot/camel-language-starter/3.18.3.redhat-00025/camel-language-starter-3.18.3.redhat-00025.jar:/home/dscrimie/.m2/repository/org/apache/camel/camel-language/3.18.3.redhat-00022/camel-language-3.18.3.redhat-00022.jar:/home/dscrimie/.m2/repository/org/apache/camel/springboot/camel-log-starter/3.18.3.redhat-00025/camel-log-starter-3.18.3.redhat-00025.jar:/home/dscrimie/.m2/repository/org/apache/camel/camel-log/3.18.3.redhat-00022/camel-log-3.18.3.redhat-00022.jar:/home/dscrimie/.m2/repository/org/apache/camel/springboot/camel-mock-starter/3.18.3.redhat-00025/camel-mock-starter-3.18.3.redhat-00025.jar:/home/dscrimie/.m2/repository/org/apache/camel/camel-mock/3.18.3.redhat-00022/camel-mock-3.18.3.redhat-00022.jar:/home/dscrimie/.m2/repository/org/apache/camel/springboot/camel-ref-starter/3.18.3.redhat-00025/camel-ref-starter-3.18.3.redhat-00025.jar:/home/dscrimie/.m2/repository/org/apache/camel/camel-ref/3.18.3.redhat-00022/camel-ref-3.18.3.redhat-00022.jar:/home/dscrimie/.m2/repository/org/apache/camel/springboot/camel-rest-starter/3.18.3.redhat-00025/camel-rest-starter-3.18.3.redhat-00025.jar:/home/dscrimie/.m2/repository/org/apache/camel/camel-rest/3.18.3.redhat-00022/camel-rest-3.18.3.redhat-00022.jar:/home/dscrimie/.m2/repository/org/apache/camel/camel-tooling-model/3.18.3.redhat-00022/camel-tooling-model-3.18.3.redhat-00022.jar:/home/dscrimie/.m2/repository/org/apache/camel/springboot/camel-saga-starter/3.18.3.redhat-00025/camel-saga-starter-3.18.3.redhat-00025.jar:/home/dscrimie/.m2/repository/org/apache/camel/camel-saga/3.18.3.redhat-00022/camel-saga-3.18.3.redhat-00022.jar:/home/dscrimie/.m2/repository/org/apache/camel/springboot/camel-scheduler-starter/3.18.3.redhat-00025/camel-scheduler-starter-3.18.3.redhat-00025.jar:/home/dscrimie/.m2/repository/org/apache/camel/camel-scheduler/3.18.3.redhat-00022/camel-scheduler-3.18.3.redhat-00022.jar:/home/dscrimie/.m2/repository/org/apache/camel/springboot/camel-seda-starter/3.18.3.redhat-00025/camel-seda-starter-3.18.3.redhat-00025.jar:/home/dscrimie/.m2/repository/org/apache/camel/camel-seda/3.18.3.redhat-00022/camel-seda-3.18.3.redhat-00022.jar:/home/dscrimie/.m2/repository/org/apache/camel/springboot/camel-stub-starter/3.18.3.redhat-00025/camel-stub-starter-3.18.3.redhat-00025.jar:/home/dscrimie/.m2/repository/org/apache/camel/camel-stub/3.18.3.redhat-00022/camel-stub-3.18.3.redhat-00022.jar:/home/dscrimie/.m2/repository/org/apache/camel/springboot/camel-timer-starter/3.18.3.redhat-00025/camel-timer-starter-3.18.3.redhat-00025.jar:/home/dscrimie/.m2/repository/org/apache/camel/camel-timer/3.18.3.redhat-00022/camel-timer-3.18.3.redhat-00022.jar:/home/dscrimie/.m2/repository/org/apache/camel/springboot/camel-validator-starter/3.18.3.redhat-00025/camel-validator-starter-3.18.3.redhat-00025.jar:/home/dscrimie/.m2/repository/org/apache/camel/camel-validator/3.18.3.redhat-00022/camel-validator-3.18.3.redhat-00022.jar:/home/dscrimie/.m2/repository/org/apache/camel/springboot/camel-vm-starter/3.18.3/camel-vm-starter-3.18.3.jar:/home/dscrimie/.m2/repository/org/apache/camel/camel-vm/3.18.3/camel-vm-3.18.3.jar:/home/dscrimie/.m2/repository/org/apache/camel/springboot/camel-xpath-starter/3.18.3.redhat-00025/camel-xpath-starter-3.18.3.redhat-00025.jar:/home/dscrimie/.m2/repository/org/apache/camel/camel-xpath/3.18.3.redhat-00022/camel-xpath-3.18.3.redhat-00022.jar:/home/dscrimie/.m2/repository/org/apache/camel/springboot/camel-xslt-starter/3.18.3.redhat-00025/camel-xslt-starter-3.18.3.redhat-00025.jar:/home/dscrimie/.m2/repository/org/apache/camel/camel-xslt/3.18.3.redhat-00022/camel-xslt-3.18.3.redhat-00022.jar:/home/dscrimie/.m2/repository/org/apache/camel/springboot/camel-xml-jaxp-starter/3.18.3.redhat-00025/camel-xml-jaxp-starter-3.18.3.redhat-00025.jar:/home/dscrimie/.m2/repository/org/apache/camel/camel-xml-jaxp/3.18.3.redhat-00022/camel-xml-jaxp-3.18.3.redhat-00022.jar:/home/dscrimie/.m2/repository/org/apache/camel/camel-xml-io-util/3.18.3.redhat-00022/camel-xml-io-util-3.18.3.redhat-00022.jar:/home/dscrimie/.m2/repository/org/apache/camel/springboot/camel-stream-starter/3.18.3/camel-stream-starter-3.18.3.jar:/home/dscrimie/.m2/repository/org/apache/camel/camel-stream/3.18.3/camel-stream-3.18.3.jar:/home/dscrimie/.m2/repository/org/apache/camel/camel-support/3.18.3/camel-support-3.18.3.jar:/home/dscrimie/.m2/repository/org/apache/camel/springboot/camel-kubernetes-starter/3.18.3.redhat-00025/camel-kubernetes-starter-3.18.3.redhat-00025.jar:/home/dscrimie/.m2/repository/org/apache/camel/camel-kubernetes/3.18.3.redhat-00022/camel-kubernetes-3.18.3.redhat-00022.jar:/home/dscrimie/.m2/repository/io/fabric8/kubernetes-client/5.12.3.redhat-00003/kubernetes-client-5.12.3.redhat-00003.jar:/home/dscrimie/.m2/repository/io/fabric8/kubernetes-model-core/5.12.3.redhat-00003/kubernetes-model-core-5.12.3.redhat-00003.jar:/home/dscrimie/.m2/repository/io/fabric8/kubernetes-model-common/5.12.3.redhat-00003/kubernetes-model-common-5.12.3.redhat-00003.jar:/home/dscrimie/.m2/repository/io/fabric8/kubernetes-model-rbac/5.12.3.redhat-00003/kubernetes-model-rbac-5.12.3.redhat-00003.jar:/home/dscrimie/.m2/repository/io/fabric8/kubernetes-model-admissionregistration/5.12.3.redhat-00003/kubernetes-model-admissionregistration-5.12.3.redhat-00003.jar:/home/dscrimie/.m2/repository/io/fabric8/kubernetes-model-apps/5.12.3.redhat-00003/kubernetes-model-apps-5.12.3.redhat-00003.jar:/home/dscrimie/.m2/repository/io/fabric8/kubernetes-model-autoscaling/5.12.3.redhat-00003/kubernetes-model-autoscaling-5.12.3.redhat-00003.jar:/home/dscrimie/.m2/repository/io/fabric8/kubernetes-model-apiextensions/5.12.3.redhat-00003/kubernetes-model-apiextensions-5.12.3.redhat-00003.jar:/home/dscrimie/.m2/repository/io/fabric8/kubernetes-model-batch/5.12.3.redhat-00003/kubernetes-model-batch-5.12.3.redhat-00003.jar:/home/dscrimie/.m2/repository/io/fabric8/kubernetes-model-certificates/5.12.3.redhat-00003/kubernetes-model-certificates-5.12.3.redhat-00003.jar:/home/dscrimie/.m2/repository/io/fabric8/kubernetes-model-coordination/5.12.3.redhat-00003/kubernetes-model-coordination-5.12.3.redhat-00003.jar:/home/dscrimie/.m2/repository/io/fabric8/kubernetes-model-discovery/5.12.3.redhat-00003/kubernetes-model-discovery-5.12.3.redhat-00003.jar:/home/dscrimie/.m2/repository/io/fabric8/kubernetes-model-events/5.12.3.redhat-00003/kubernetes-model-events-5.12.3.redhat-00003.jar:/home/dscrimie/.m2/repository/io/fabric8/kubernetes-model-extensions/5.12.3.redhat-00003/kubernetes-model-extensions-5.12.3.redhat-00003.jar:/home/dscrimie/.m2/repository/io/fabric8/kubernetes-model-flowcontrol/5.12.3.redhat-00003/kubernetes-model-flowcontrol-5.12.3.redhat-00003.jar:/home/dscrimie/.m2/repository/io/fabric8/kubernetes-model-networking/5.12.3.redhat-00003/kubernetes-model-networking-5.12.3.redhat-00003.jar:/home/dscrimie/.m2/repository/io/fabric8/kubernetes-model-metrics/5.12.3.redhat-00003/kubernetes-model-metrics-5.12.3.redhat-00003.jar:/home/dscrimie/.m2/repository/io/fabric8/kubernetes-model-policy/5.12.3.redhat-00003/kubernetes-model-policy-5.12.3.redhat-00003.jar:/home/dscrimie/.m2/repository/io/fabric8/kubernetes-model-scheduling/5.12.3.redhat-00003/kubernetes-model-scheduling-5.12.3.redhat-00003.jar:/home/dscrimie/.m2/repository/io/fabric8/kubernetes-model-storageclass/5.12.3.redhat-00003/kubernetes-model-storageclass-5.12.3.redhat-00003.jar:/home/dscrimie/.m2/repository/io/fabric8/kubernetes-model-node/5.12.3.redhat-00003/kubernetes-model-node-5.12.3.redhat-00003.jar:/home/dscrimie/.m2/repository/com/squareup/okhttp3/okhttp/4.9.3/okhttp-4.9.3.jar:/home/dscrimie/.m2/repository/com/squareup/okio/okio/2.8.0/okio-2.8.0.jar:/home/dscrimie/.m2/repository/org/jetbrains/kotlin/kotlin-stdlib-common/1.6.21/kotlin-stdlib-common-1.6.21.jar:/home/dscrimie/.m2/repository/org/jetbrains/kotlin/kotlin-stdlib/1.6.21/kotlin-stdlib-1.6.21.jar:/home/dscrimie/.m2/repository/org/jetbrains/annotations/13.0/annotations-13.0.jar:/home/dscrimie/.m2/repository/com/squareup/okhttp3/logging-interceptor/4.9.3/logging-interceptor-4.9.3.jar:/home/dscrimie/.m2/repository/org/jetbrains/kotlin/kotlin-stdlib-jdk8/1.6.21/kotlin-stdlib-jdk8-1.6.21.jar:/home/dscrimie/.m2/repository/org/jetbrains/kotlin/kotlin-stdlib-jdk7/1.6.21/kotlin-stdlib-jdk7-1.6.21.jar:/home/dscrimie/.m2/repository/com/fasterxml/jackson/dataformat/jackson-dataformat-yaml/2.13.4/jackson-dataformat-yaml-2.13.4.jar:/home/dscrimie/.m2/repository/io/fabric8/zjsonpatch/0.3.0.redhat-00001/zjsonpatch-0.3.0.redhat-00001.jar:/home/dscrimie/.m2/repository/com/github/mifmif/generex/1.0.2.redhat-00003/generex-1.0.2.redhat-00003.jar:/home/dscrimie/.m2/repository/dk/brics/automaton/automaton/1.11.8.redhat-1/automaton-1.11.8.redhat-1.jar:/home/dscrimie/.m2/repository/io/fabric8/openshift-client/5.12.3.redhat-00003/openshift-client-5.12.3.redhat-00003.jar:/home/dscrimie/.m2/repository/io/fabric8/openshift-model/5.12.3.redhat-00003/openshift-model-5.12.3.redhat-00003.jar:/home/dscrimie/.m2/repository/io/fabric8/openshift-model-clusterautoscaling/5.12.3.redhat-00003/openshift-model-clusterautoscaling-5.12.3.redhat-00003.jar:/home/dscrimie/.m2/repository/io/fabric8/openshift-model-operator/5.12.3.redhat-00003/openshift-model-operator-5.12.3.redhat-00003.jar:/home/dscrimie/.m2/repository/io/fabric8/openshift-model-operatorhub/5.12.3.redhat-00003/openshift-model-operatorhub-5.12.3.redhat-00003.jar:/home/dscrimie/.m2/repository/io/fabric8/openshift-model-machine/5.12.3.redhat-00003/openshift-model-machine-5.12.3.redhat-00003.jar:/home/dscrimie/.m2/repository/io/fabric8/openshift-model-whereabouts/5.12.3.redhat-00003/openshift-model-whereabouts-5.12.3.redhat-00003.jar:/home/dscrimie/.m2/repository/io/fabric8/openshift-model-monitoring/5.12.3.redhat-00003/openshift-model-monitoring-5.12.3.redhat-00003.jar:/home/dscrimie/.m2/repository/io/fabric8/openshift-model-storageversionmigrator/5.12.3.redhat-00003/openshift-model-storageversionmigrator-5.12.3.redhat-00003.jar:/home/dscrimie/.m2/repository/io/fabric8/openshift-model-tuned/5.12.3.redhat-00003/openshift-model-tuned-5.12.3.redhat-00003.jar:/home/dscrimie/.m2/repository/io/fabric8/openshift-model-console/5.12.3.redhat-00003/openshift-model-console-5.12.3.redhat-00003.jar:/home/dscrimie/.m2/repository/io/fabric8/openshift-model-machineconfig/5.12.3.redhat-00003/openshift-model-machineconfig-5.12.3.redhat-00003.jar:/home/dscrimie/.m2/repository/io/fabric8/openshift-model-miscellaneous/5.12.3.redhat-00003/openshift-model-miscellaneous-5.12.3.redhat-00003.jar:/home/dscrimie/.m2/repository/io/fabric8/openshift-model-hive/5.12.3.redhat-00003/openshift-model-hive-5.12.3.redhat-00003.jar:/home/dscrimie/.m2/repository/io/fabric8/openshift-model-installer/5.12.3.redhat-00003/openshift-model-installer-5.12.3.redhat-00003.jar:/home/dscrimie/.m2/repository/org/hibernate/validator/hibernate-validator/6.2.5.Final/hibernate-validator-6.2.5.Final.jar:/home/dscrimie/.m2/repository/jakarta/validation/jakarta.validation-api/2.0.2/jakarta.validation-api-2.0.2.jar:/home/dscrimie/.m2/repository/com/fasterxml/classmate/1.5.1/classmate-1.5.1.jar:/home/dscrimie/.m2/repository/org/springframework/boot/spring-boot-starter-test/2.7.6/spring-boot-starter-test-2.7.6.jar:/home/dscrimie/.m2/repository/org/springframework/boot/spring-boot-test/2.7.6/spring-boot-test-2.7.6.jar:/home/dscrimie/.m2/repository/org/springframework/boot/spring-boot-test-autoconfigure/2.7.6/spring-boot-test-autoconfigure-2.7.6.jar:/home/dscrimie/.m2/repository/com/jayway/jsonpath/json-path/2.7.0/json-path-2.7.0.jar:/home/dscrimie/.m2/repository/net/minidev/json-smart/2.4.8/json-smart-2.4.8.jar:/home/dscrimie/.m2/repository/net/minidev/accessors-smart/2.4.8/accessors-smart-2.4.8.jar:/home/dscrimie/.m2/repository/org/ow2/asm/asm/9.1/asm-9.1.jar:/home/dscrimie/.m2/repository/org/slf4j/slf4j-api/1.7.36/slf4j-api-1.7.36.jar:/home/dscrimie/.m2/repository/jakarta/xml/bind/jakarta.xml.bind-api/2.3.3/jakarta.xml.bind-api-2.3.3.jar:/home/dscrimie/.m2/repository/jakarta/activation/jakarta.activation-api/1.2.2/jakarta.activation-api-1.2.2.jar:/home/dscrimie/.m2/repository/org/assertj/assertj-core/3.22.0/assertj-core-3.22.0.jar:/home/dscrimie/.m2/repository/org/hamcrest/hamcrest/2.2/hamcrest-2.2.jar:/home/dscrimie/.m2/repository/org/junit/jupiter/junit-jupiter/5.8.2/junit-jupiter-5.8.2.jar:/home/dscrimie/.m2/repository/org/junit/jupiter/junit-jupiter-api/5.8.2/junit-jupiter-api-5.8.2.jar:/home/dscrimie/.m2/repository/org/opentest4j/opentest4j/1.2.0/opentest4j-1.2.0.jar:/home/dscrimie/.m2/repository/org/junit/platform/junit-platform-commons/1.8.2/junit-platform-commons-1.8.2.jar:/home/dscrimie/.m2/repository/org/apiguardian/apiguardian-api/1.1.2/apiguardian-api-1.1.2.jar:/home/dscrimie/.m2/repository/org/junit/jupiter/junit-jupiter-params/5.8.2/junit-jupiter-params-5.8.2.jar:/home/dscrimie/.m2/repository/org/junit/jupiter/junit-jupiter-engine/5.8.2/junit-jupiter-engine-5.8.2.jar:/home/dscrimie/.m2/repository/org/junit/platform/junit-platform-engine/1.8.2/junit-platform-engine-1.8.2.jar:/home/dscrimie/.m2/repository/org/mockito/mockito-core/4.5.1/mockito-core-4.5.1.jar:/home/dscrimie/.m2/repository/net/bytebuddy/byte-buddy/1.12.19/byte-buddy-1.12.19.jar:/home/dscrimie/.m2/repository/net/bytebuddy/byte-buddy-agent/1.12.19/byte-buddy-agent-1.12.19.jar:/home/dscrimie/.m2/repository/org/objenesis/objenesis/3.2/objenesis-3.2.jar:/home/dscrimie/.m2/repository/org/mockito/mockito-junit-jupiter/4.5.1/mockito-junit-jupiter-4.5.1.jar:/home/dscrimie/.m2/repository/org/skyscreamer/jsonassert/1.5.1/jsonassert-1.5.1.jar:/home/dscrimie/.m2/repository/com/vaadin/external/google/android-json/0.0.20131108.vaadin1/android-json-0.0.20131108.vaadin1.jar:/home/dscrimie/.m2/repository/org/springframework/spring-core/5.3.24/spring-core-5.3.24.jar:/home/dscrimie/.m2/repository/org/springframework/spring-jcl/5.3.24/spring-jcl-5.3.24.jar:/home/dscrimie/.m2/repository/org/springframework/spring-test/5.3.24/spring-test-5.3.24.jar:/home/dscrimie/.m2/repository/org/xmlunit/xmlunit-core/2.9.0/xmlunit-core-2.9.0.jar:/home/dscrimie/.m2/repository/org/apache/camel/camel-test-spring-junit5/3.18.3/camel-test-spring-junit5-3.18.3.jar:/home/dscrimie/.m2/repository/org/apache/camel/camel-test-junit5/3.18.3/camel-test-junit5-3.18.3.jar:/home/dscrimie/.m2/repository/org/apache/camel/camel-core-languages/3.18.3/camel-core-languages-3.18.3.jar:/home/dscrimie/.m2/repository/org/apache/camel/camel-spring-xml/3.18.3/camel-spring-xml-3.18.3.jar:/home/dscrimie/.m2/repository/org/apache/camel/camel-xml-jaxb/3.18.3/camel-xml-jaxb-3.18.3.jar:/home/dscrimie/.m2/repository/com/sun/xml/bind/jaxb-core/2.3.0/jaxb-core-2.3.0.jar:/home/dscrimie/.m2/repository/com/sun/xml/bind/jaxb-impl/2.3.3/jaxb-impl-2.3.3.jar:/home/dscrimie/.m2/repository/com/sun/activation/jakarta.activation/1.2.2/jakarta.activation-1.2.2.jar:/home/dscrimie/.m2/repository/org/apache/camel/camel-core-xml/3.18.3/camel-core-xml-3.18.3.jar:/home/dscrimie/.m2/repository/javax/annotation/javax.annotation-api/1.3.2/javax.annotation-api-1.3.2.jar:"/>
    <property name="java.vm.vendor" value="Red Hat, Inc."/>
    <property name="sun.arch.data.model" value="64"/>
    <property name="java.vendor.url" value="https://www.redhat.com/"/>
    <property name="user.timezone" value="Europe/Rome"/>
    <property name="os.name" value="Linux"/>
    <property name="java.vm.specification.version" value="17"/>
    <property name="sun.java.launcher" value="SUN_STANDARD"/>
    <property name="user.country" value="IT"/>
    <property name="sun.boot.library.path" value="/usr/lib/jvm/java-17-openjdk-17.0.13.0.11-3.fc41.x86_64/lib"/>
    <property name="sun.java.command" value="/home/dscrimie/Lavoro/camel-route-job-springboot/target/surefire/surefirebooter461709321484190921.jar /home/dscrimie/Lavoro/camel-route-job-springboot/target/surefire 2024-12-12T14-08-12_065-jvmRun1 surefire1974497599966519651tmp surefire_04814543311544522770tmp"/>
    <property name="jdk.debug" value="release"/>
    <property name="surefire.test.class.path" value="/home/dscrimie/Lavoro/camel-route-job-springboot/target/test-classes:/home/dscrimie/Lavoro/camel-route-job-springboot/target/classes:/home/dscrimie/.m2/repository/org/springframework/boot/spring-boot-starter-web/2.7.6/spring-boot-starter-web-2.7.6.jar:/home/dscrimie/.m2/repository/org/springframework/boot/spring-boot-starter/2.7.6/spring-boot-starter-2.7.6.jar:/home/dscrimie/.m2/repository/org/springframework/boot/spring-boot/2.7.6/spring-boot-2.7.6.jar:/home/dscrimie/.m2/repository/org/springframework/boot/spring-boot-autoconfigure/2.7.6/spring-boot-autoconfigure-2.7.6.jar:/home/dscrimie/.m2/repository/org/springframework/boot/spring-boot-starter-logging/2.7.6/spring-boot-starter-logging-2.7.6.jar:/home/dscrimie/.m2/repository/ch/qos/logback/logback-classic/1.2.11/logback-classic-1.2.11.jar:/home/dscrimie/.m2/repository/ch/qos/logback/logback-core/1.2.11/logback-core-1.2.11.jar:/home/dscrimie/.m2/repository/org/apache/logging/log4j/log4j-to-slf4j/2.17.2/log4j-to-slf4j-2.17.2.jar:/home/dscrimie/.m2/repository/org/apache/logging/log4j/log4j-api/2.17.2/log4j-api-2.17.2.jar:/home/dscrimie/.m2/repository/org/slf4j/jul-to-slf4j/1.7.36/jul-to-slf4j-1.7.36.jar:/home/dscrimie/.m2/repository/jakarta/annotation/jakarta.annotation-api/1.3.5/jakarta.annotation-api-1.3.5.jar:/home/dscrimie/.m2/repository/org/yaml/snakeyaml/1.30/snakeyaml-1.30.jar:/home/dscrimie/.m2/repository/org/springframework/boot/spring-boot-starter-json/2.7.6/spring-boot-starter-json-2.7.6.jar:/home/dscrimie/.m2/repository/com/fasterxml/jackson/core/jackson-databind/2.13.4.2/jackson-databind-2.13.4.2.jar:/home/dscrimie/.m2/repository/com/fasterxml/jackson/core/jackson-annotations/2.13.4/jackson-annotations-2.13.4.jar:/home/dscrimie/.m2/repository/com/fasterxml/jackson/core/jackson-core/2.13.4/jackson-core-2.13.4.jar:/home/dscrimie/.m2/repository/com/fasterxml/jackson/datatype/jackson-datatype-jdk8/2.13.4/jackson-datatype-jdk8-2.13.4.jar:/home/dscrimie/.m2/repository/com/fasterxml/jackson/datatype/jackson-datatype-jsr310/2.13.4/jackson-datatype-jsr310-2.13.4.jar:/home/dscrimie/.m2/repository/com/fasterxml/jackson/module/jackson-module-parameter-names/2.13.4/jackson-module-parameter-names-2.13.4.jar:/home/dscrimie/.m2/repository/org/springframework/spring-web/5.3.24/spring-web-5.3.24.jar:/home/dscrimie/.m2/repository/org/springframework/spring-beans/5.3.24/spring-beans-5.3.24.jar:/home/dscrimie/.m2/repository/org/springframework/spring-webmvc/5.3.24/spring-webmvc-5.3.24.jar:/home/dscrimie/.m2/repository/org/springframework/spring-aop/5.3.24/spring-aop-5.3.24.jar:/home/dscrimie/.m2/repository/org/springframework/spring-context/5.3.24/spring-context-5.3.24.jar:/home/dscrimie/.m2/repository/org/springframework/spring-expression/5.3.24/spring-expression-5.3.24.jar:/home/dscrimie/.m2/repository/org/springframework/boot/spring-boot-starter-undertow/2.7.6/spring-boot-starter-undertow-2.7.6.jar:/home/dscrimie/.m2/repository/io/undertow/undertow-core/2.2.20.Final/undertow-core-2.2.20.Final.jar:/home/dscrimie/.m2/repository/org/jboss/logging/jboss-logging/3.4.3.Final/jboss-logging-3.4.3.Final.jar:/home/dscrimie/.m2/repository/org/jboss/xnio/xnio-api/3.8.7.Final/xnio-api-3.8.7.Final.jar:/home/dscrimie/.m2/repository/org/wildfly/common/wildfly-common/1.5.4.Final/wildfly-common-1.5.4.Final.jar:/home/dscrimie/.m2/repository/org/wildfly/client/wildfly-client-config/1.0.1.Final/wildfly-client-config-1.0.1.Final.jar:/home/dscrimie/.m2/repository/org/jboss/xnio/xnio-nio/3.8.7.Final/xnio-nio-3.8.7.Final.jar:/home/dscrimie/.m2/repository/org/jboss/threads/jboss-threads/3.1.0.Final/jboss-threads-3.1.0.Final.jar:/home/dscrimie/.m2/repository/io/undertow/undertow-servlet/2.2.20.Final/undertow-servlet-2.2.20.Final.jar:/home/dscrimie/.m2/repository/io/undertow/undertow-websockets-jsr/2.2.20.Final/undertow-websockets-jsr-2.2.20.Final.jar:/home/dscrimie/.m2/repository/jakarta/servlet/jakarta.servlet-api/4.0.4/jakarta.servlet-api-4.0.4.jar:/home/dscrimie/.m2/repository/jakarta/websocket/jakarta.websocket-api/1.1.2/jakarta.websocket-api-1.1.2.jar:/home/dscrimie/.m2/repository/org/apache/tomcat/embed/tomcat-embed-el/9.0.69/tomcat-embed-el-9.0.69.jar:/home/dscrimie/.m2/repository/org/springframework/boot/spring-boot-starter-actuator/2.7.6/spring-boot-starter-actuator-2.7.6.jar:/home/dscrimie/.m2/repository/org/springframework/boot/spring-boot-actuator-autoconfigure/2.7.6/spring-boot-actuator-autoconfigure-2.7.6.jar:/home/dscrimie/.m2/repository/org/springframework/boot/spring-boot-actuator/2.7.6/spring-boot-actuator-2.7.6.jar:/home/dscrimie/.m2/repository/io/micrometer/micrometer-core/1.9.6/micrometer-core-1.9.6.jar:/home/dscrimie/.m2/repository/org/hdrhistogram/HdrHistogram/2.1.12/HdrHistogram-2.1.12.jar:/home/dscrimie/.m2/repository/org/latencyutils/LatencyUtils/2.0.3/LatencyUtils-2.0.3.jar:/home/dscrimie/.m2/repository/org/apache/camel/springboot/camel-spring-boot-starter/3.18.3.redhat-00025/camel-spring-boot-starter-3.18.3.redhat-00025.jar:/home/dscrimie/.m2/repository/org/apache/camel/springboot/camel-spring-boot/3.18.3.redhat-00025/camel-spring-boot-3.18.3.redhat-00025.jar:/home/dscrimie/.m2/repository/org/apache/camel/camel-spring/3.18.3/camel-spring-3.18.3.jar:/home/dscrimie/.m2/repository/org/apache/camel/camel-management-api/3.18.3/camel-management-api-3.18.3.jar:/home/dscrimie/.m2/repository/org/springframework/spring-tx/5.3.24/spring-tx-5.3.24.jar:/home/dscrimie/.m2/repository/org/apache/camel/camel-spring-main/3.18.3/camel-spring-main-3.18.3.jar:/home/dscrimie/.m2/repository/org/apache/camel/camel-main/3.18.3/camel-main-3.18.3.jar:/home/dscrimie/.m2/repository/org/apache/camel/camel-base/3.18.3/camel-base-3.18.3.jar:/home/dscrimie/.m2/repository/org/apache/camel/camel-util-json/3.18.3.redhat-00022/camel-util-json-3.18.3.redhat-00022.jar:/home/dscrimie/.m2/repository/org/apache/camel/camel-xml-jaxb-dsl/3.18.3/camel-xml-jaxb-dsl-3.18.3.jar:/home/dscrimie/.m2/repository/org/apache/camel/camel-dsl-support/3.18.3/camel-dsl-support-3.18.3.jar:/home/dscrimie/.m2/repository/org/apache/camel/camel-cloud/3.18.3.redhat-00022/camel-cloud-3.18.3.redhat-00022.jar:/home/dscrimie/.m2/repository/org/apache/camel/camel-core-model/3.18.3.redhat-00022/camel-core-model-3.18.3.redhat-00022.jar:/home/dscrimie/.m2/repository/org/apache/camel/camel-core-processor/3.18.3.redhat-00022/camel-core-processor-3.18.3.redhat-00022.jar:/home/dscrimie/.m2/repository/org/apache/camel/camel-cluster/3.18.3.redhat-00022/camel-cluster-3.18.3.redhat-00022.jar:/home/dscrimie/.m2/repository/org/apache/camel/camel-base-engine/3.18.3.redhat-00022/camel-base-engine-3.18.3.redhat-00022.jar:/home/dscrimie/.m2/repository/org/apache/camel/camel-health/3.18.3.redhat-00022/camel-health-3.18.3.redhat-00022.jar:/home/dscrimie/.m2/repository/org/apache/camel/springboot/camel-core-starter/3.18.3.redhat-00025/camel-core-starter-3.18.3.redhat-00025.jar:/home/dscrimie/.m2/repository/org/apache/camel/camel-core-engine/3.18.3.redhat-00022/camel-core-engine-3.18.3.redhat-00022.jar:/home/dscrimie/.m2/repository/org/apache/camel/camel-api/3.18.3.redhat-00022/camel-api-3.18.3.redhat-00022.jar:/home/dscrimie/.m2/repository/org/apache/camel/camel-core-reifier/3.18.3.redhat-00022/camel-core-reifier-3.18.3.redhat-00022.jar:/home/dscrimie/.m2/repository/org/apache/camel/camel-util/3.18.3.redhat-00022/camel-util-3.18.3.redhat-00022.jar:/home/dscrimie/.m2/repository/org/apache/camel/springboot/camel-bean-starter/3.18.3.redhat-00025/camel-bean-starter-3.18.3.redhat-00025.jar:/home/dscrimie/.m2/repository/org/apache/camel/camel-bean/3.18.3.redhat-00022/camel-bean-3.18.3.redhat-00022.jar:/home/dscrimie/.m2/repository/org/apache/camel/springboot/camel-browse-starter/3.18.3.redhat-00025/camel-browse-starter-3.18.3.redhat-00025.jar:/home/dscrimie/.m2/repository/org/apache/camel/camel-browse/3.18.3.redhat-00022/camel-browse-3.18.3.redhat-00022.jar:/home/dscrimie/.m2/repository/org/apache/camel/springboot/camel-controlbus-starter/3.18.3.redhat-00025/camel-controlbus-starter-3.18.3.redhat-00025.jar:/home/dscrimie/.m2/repository/org/apache/camel/camel-controlbus/3.18.3.redhat-00022/camel-controlbus-3.18.3.redhat-00022.jar:/home/dscrimie/.m2/repository/org/apache/camel/springboot/camel-dataformat-starter/3.18.3.redhat-00025/camel-dataformat-starter-3.18.3.redhat-00025.jar:/home/dscrimie/.m2/repository/org/apache/camel/camel-dataformat/3.18.3.redhat-00022/camel-dataformat-3.18.3.redhat-00022.jar:/home/dscrimie/.m2/repository/org/apache/camel/springboot/camel-dataset-starter/3.18.3.redhat-00025/camel-dataset-starter-3.18.3.redhat-00025.jar:/home/dscrimie/.m2/repository/org/apache/camel/camel-dataset/3.18.3.redhat-00022/camel-dataset-3.18.3.redhat-00022.jar:/home/dscrimie/.m2/repository/org/apache/camel/springboot/camel-direct-starter/3.18.3.redhat-00025/camel-direct-starter-3.18.3.redhat-00025.jar:/home/dscrimie/.m2/repository/org/apache/camel/camel-direct/3.18.3.redhat-00022/camel-direct-3.18.3.redhat-00022.jar:/home/dscrimie/.m2/repository/org/apache/camel/springboot/camel-directvm-starter/3.18.3/camel-directvm-starter-3.18.3.jar:/home/dscrimie/.m2/repository/org/apache/camel/camel-directvm/3.18.3/camel-directvm-3.18.3.jar:/home/dscrimie/.m2/repository/org/apache/camel/springboot/camel-file-starter/3.18.3.redhat-00025/camel-file-starter-3.18.3.redhat-00025.jar:/home/dscrimie/.m2/repository/org/apache/camel/camel-file/3.18.3.redhat-00022/camel-file-3.18.3.redhat-00022.jar:/home/dscrimie/.m2/repository/org/apache/camel/springboot/camel-language-starter/3.18.3.redhat-00025/camel-language-starter-3.18.3.redhat-00025.jar:/home/dscrimie/.m2/repository/org/apache/camel/camel-language/3.18.3.redhat-00022/camel-language-3.18.3.redhat-00022.jar:/home/dscrimie/.m2/repository/org/apache/camel/springboot/camel-log-starter/3.18.3.redhat-00025/camel-log-starter-3.18.3.redhat-00025.jar:/home/dscrimie/.m2/repository/org/apache/camel/camel-log/3.18.3.redhat-00022/camel-log-3.18.3.redhat-00022.jar:/home/dscrimie/.m2/repository/org/apache/camel/springboot/camel-mock-starter/3.18.3.redhat-00025/camel-mock-starter-3.18.3.redhat-00025.jar:/home/dscrimie/.m2/repository/org/apache/camel/camel-mock/3.18.3.redhat-00022/camel-mock-3.18.3.redhat-00022.jar:/home/dscrimie/.m2/repository/org/apache/camel/springboot/camel-ref-starter/3.18.3.redhat-00025/camel-ref-starter-3.18.3.redhat-00025.jar:/home/dscrimie/.m2/repository/org/apache/camel/camel-ref/3.18.3.redhat-00022/camel-ref-3.18.3.redhat-00022.jar:/home/dscrimie/.m2/repository/org/apache/camel/springboot/camel-rest-starter/3.18.3.redhat-00025/camel-rest-starter-3.18.3.redhat-00025.jar:/home/dscrimie/.m2/repository/org/apache/camel/camel-rest/3.18.3.redhat-00022/camel-rest-3.18.3.redhat-00022.jar:/home/dscrimie/.m2/repository/org/apache/camel/camel-tooling-model/3.18.3.redhat-00022/camel-tooling-model-3.18.3.redhat-00022.jar:/home/dscrimie/.m2/repository/org/apache/camel/springboot/camel-saga-starter/3.18.3.redhat-00025/camel-saga-starter-3.18.3.redhat-00025.jar:/home/dscrimie/.m2/repository/org/apache/camel/camel-saga/3.18.3.redhat-00022/camel-saga-3.18.3.redhat-00022.jar:/home/dscrimie/.m2/repository/org/apache/camel/springboot/camel-scheduler-starter/3.18.3.redhat-00025/camel-scheduler-starter-3.18.3.redhat-00025.jar:/home/dscrimie/.m2/repository/org/apache/camel/camel-scheduler/3.18.3.redhat-00022/camel-scheduler-3.18.3.redhat-00022.jar:/home/dscrimie/.m2/repository/org/apache/camel/springboot/camel-seda-starter/3.18.3.redhat-00025/camel-seda-starter-3.18.3.redhat-00025.jar:/home/dscrimie/.m2/repository/org/apache/camel/camel-seda/3.18.3.redhat-00022/camel-seda-3.18.3.redhat-00022.jar:/home/dscrimie/.m2/repository/org/apache/camel/springboot/camel-stub-starter/3.18.3.redhat-00025/camel-stub-starter-3.18.3.redhat-00025.jar:/home/dscrimie/.m2/repository/org/apache/camel/camel-stub/3.18.3.redhat-00022/camel-stub-3.18.3.redhat-00022.jar:/home/dscrimie/.m2/repository/org/apache/camel/springboot/camel-timer-starter/3.18.3.redhat-00025/camel-timer-starter-3.18.3.redhat-00025.jar:/home/dscrimie/.m2/repository/org/apache/camel/camel-timer/3.18.3.redhat-00022/camel-timer-3.18.3.redhat-00022.jar:/home/dscrimie/.m2/repository/org/apache/camel/springboot/camel-validator-starter/3.18.3.redhat-00025/camel-validator-starter-3.18.3.redhat-00025.jar:/home/dscrimie/.m2/repository/org/apache/camel/camel-validator/3.18.3.redhat-00022/camel-validator-3.18.3.redhat-00022.jar:/home/dscrimie/.m2/repository/org/apache/camel/springboot/camel-vm-starter/3.18.3/camel-vm-starter-3.18.3.jar:/home/dscrimie/.m2/repository/org/apache/camel/camel-vm/3.18.3/camel-vm-3.18.3.jar:/home/dscrimie/.m2/repository/org/apache/camel/springboot/camel-xpath-starter/3.18.3.redhat-00025/camel-xpath-starter-3.18.3.redhat-00025.jar:/home/dscrimie/.m2/repository/org/apache/camel/camel-xpath/3.18.3.redhat-00022/camel-xpath-3.18.3.redhat-00022.jar:/home/dscrimie/.m2/repository/org/apache/camel/springboot/camel-xslt-starter/3.18.3.redhat-00025/camel-xslt-starter-3.18.3.redhat-00025.jar:/home/dscrimie/.m2/repository/org/apache/camel/camel-xslt/3.18.3.redhat-00022/camel-xslt-3.18.3.redhat-00022.jar:/home/dscrimie/.m2/repository/org/apache/camel/springboot/camel-xml-jaxp-starter/3.18.3.redhat-00025/camel-xml-jaxp-starter-3.18.3.redhat-00025.jar:/home/dscrimie/.m2/repository/org/apache/camel/camel-xml-jaxp/3.18.3.redhat-00022/camel-xml-jaxp-3.18.3.redhat-00022.jar:/home/dscrimie/.m2/repository/org/apache/camel/camel-xml-io-util/3.18.3.redhat-00022/camel-xml-io-util-3.18.3.redhat-00022.jar:/home/dscrimie/.m2/repository/org/apache/camel/springboot/camel-stream-starter/3.18.3/camel-stream-starter-3.18.3.jar:/home/dscrimie/.m2/repository/org/apache/camel/camel-stream/3.18.3/camel-stream-3.18.3.jar:/home/dscrimie/.m2/repository/org/apache/camel/camel-support/3.18.3/camel-support-3.18.3.jar:/home/dscrimie/.m2/repository/org/apache/camel/springboot/camel-kubernetes-starter/3.18.3.redhat-00025/camel-kubernetes-starter-3.18.3.redhat-00025.jar:/home/dscrimie/.m2/repository/org/apache/camel/camel-kubernetes/3.18.3.redhat-00022/camel-kubernetes-3.18.3.redhat-00022.jar:/home/dscrimie/.m2/repository/io/fabric8/kubernetes-client/5.12.3.redhat-00003/kubernetes-client-5.12.3.redhat-00003.jar:/home/dscrimie/.m2/repository/io/fabric8/kubernetes-model-core/5.12.3.redhat-00003/kubernetes-model-core-5.12.3.redhat-00003.jar:/home/dscrimie/.m2/repository/io/fabric8/kubernetes-model-common/5.12.3.redhat-00003/kubernetes-model-common-5.12.3.redhat-00003.jar:/home/dscrimie/.m2/repository/io/fabric8/kubernetes-model-rbac/5.12.3.redhat-00003/kubernetes-model-rbac-5.12.3.redhat-00003.jar:/home/dscrimie/.m2/repository/io/fabric8/kubernetes-model-admissionregistration/5.12.3.redhat-00003/kubernetes-model-admissionregistration-5.12.3.redhat-00003.jar:/home/dscrimie/.m2/repository/io/fabric8/kubernetes-model-apps/5.12.3.redhat-00003/kubernetes-model-apps-5.12.3.redhat-00003.jar:/home/dscrimie/.m2/repository/io/fabric8/kubernetes-model-autoscaling/5.12.3.redhat-00003/kubernetes-model-autoscaling-5.12.3.redhat-00003.jar:/home/dscrimie/.m2/repository/io/fabric8/kubernetes-model-apiextensions/5.12.3.redhat-00003/kubernetes-model-apiextensions-5.12.3.redhat-00003.jar:/home/dscrimie/.m2/repository/io/fabric8/kubernetes-model-batch/5.12.3.redhat-00003/kubernetes-model-batch-5.12.3.redhat-00003.jar:/home/dscrimie/.m2/repository/io/fabric8/kubernetes-model-certificates/5.12.3.redhat-00003/kubernetes-model-certificates-5.12.3.redhat-00003.jar:/home/dscrimie/.m2/repository/io/fabric8/kubernetes-model-coordination/5.12.3.redhat-00003/kubernetes-model-coordination-5.12.3.redhat-00003.jar:/home/dscrimie/.m2/repository/io/fabric8/kubernetes-model-discovery/5.12.3.redhat-00003/kubernetes-model-discovery-5.12.3.redhat-00003.jar:/home/dscrimie/.m2/repository/io/fabric8/kubernetes-model-events/5.12.3.redhat-00003/kubernetes-model-events-5.12.3.redhat-00003.jar:/home/dscrimie/.m2/repository/io/fabric8/kubernetes-model-extensions/5.12.3.redhat-00003/kubernetes-model-extensions-5.12.3.redhat-00003.jar:/home/dscrimie/.m2/repository/io/fabric8/kubernetes-model-flowcontrol/5.12.3.redhat-00003/kubernetes-model-flowcontrol-5.12.3.redhat-00003.jar:/home/dscrimie/.m2/repository/io/fabric8/kubernetes-model-networking/5.12.3.redhat-00003/kubernetes-model-networking-5.12.3.redhat-00003.jar:/home/dscrimie/.m2/repository/io/fabric8/kubernetes-model-metrics/5.12.3.redhat-00003/kubernetes-model-metrics-5.12.3.redhat-00003.jar:/home/dscrimie/.m2/repository/io/fabric8/kubernetes-model-policy/5.12.3.redhat-00003/kubernetes-model-policy-5.12.3.redhat-00003.jar:/home/dscrimie/.m2/repository/io/fabric8/kubernetes-model-scheduling/5.12.3.redhat-00003/kubernetes-model-scheduling-5.12.3.redhat-00003.jar:/home/dscrimie/.m2/repository/io/fabric8/kubernetes-model-storageclass/5.12.3.redhat-00003/kubernetes-model-storageclass-5.12.3.redhat-00003.jar:/home/dscrimie/.m2/repository/io/fabric8/kubernetes-model-node/5.12.3.redhat-00003/kubernetes-model-node-5.12.3.redhat-00003.jar:/home/dscrimie/.m2/repository/com/squareup/okhttp3/okhttp/4.9.3/okhttp-4.9.3.jar:/home/dscrimie/.m2/repository/com/squareup/okio/okio/2.8.0/okio-2.8.0.jar:/home/dscrimie/.m2/repository/org/jetbrains/kotlin/kotlin-stdlib-common/1.6.21/kotlin-stdlib-common-1.6.21.jar:/home/dscrimie/.m2/repository/org/jetbrains/kotlin/kotlin-stdlib/1.6.21/kotlin-stdlib-1.6.21.jar:/home/dscrimie/.m2/repository/org/jetbrains/annotations/13.0/annotations-13.0.jar:/home/dscrimie/.m2/repository/com/squareup/okhttp3/logging-interceptor/4.9.3/logging-interceptor-4.9.3.jar:/home/dscrimie/.m2/repository/org/jetbrains/kotlin/kotlin-stdlib-jdk8/1.6.21/kotlin-stdlib-jdk8-1.6.21.jar:/home/dscrimie/.m2/repository/org/jetbrains/kotlin/kotlin-stdlib-jdk7/1.6.21/kotlin-stdlib-jdk7-1.6.21.jar:/home/dscrimie/.m2/repository/com/fasterxml/jackson/dataformat/jackson-dataformat-yaml/2.13.4/jackson-dataformat-yaml-2.13.4.jar:/home/dscrimie/.m2/repository/io/fabric8/zjsonpatch/0.3.0.redhat-00001/zjsonpatch-0.3.0.redhat-00001.jar:/home/dscrimie/.m2/repository/com/github/mifmif/generex/1.0.2.redhat-00003/generex-1.0.2.redhat-00003.jar:/home/dscrimie/.m2/repository/dk/brics/automaton/automaton/1.11.8.redhat-1/automaton-1.11.8.redhat-1.jar:/home/dscrimie/.m2/repository/io/fabric8/openshift-client/5.12.3.redhat-00003/openshift-client-5.12.3.redhat-00003.jar:/home/dscrimie/.m2/repository/io/fabric8/openshift-model/5.12.3.redhat-00003/openshift-model-5.12.3.redhat-00003.jar:/home/dscrimie/.m2/repository/io/fabric8/openshift-model-clusterautoscaling/5.12.3.redhat-00003/openshift-model-clusterautoscaling-5.12.3.redhat-00003.jar:/home/dscrimie/.m2/repository/io/fabric8/openshift-model-operator/5.12.3.redhat-00003/openshift-model-operator-5.12.3.redhat-00003.jar:/home/dscrimie/.m2/repository/io/fabric8/openshift-model-operatorhub/5.12.3.redhat-00003/openshift-model-operatorhub-5.12.3.redhat-00003.jar:/home/dscrimie/.m2/repository/io/fabric8/openshift-model-machine/5.12.3.redhat-00003/openshift-model-machine-5.12.3.redhat-00003.jar:/home/dscrimie/.m2/repository/io/fabric8/openshift-model-whereabouts/5.12.3.redhat-00003/openshift-model-whereabouts-5.12.3.redhat-00003.jar:/home/dscrimie/.m2/repository/io/fabric8/openshift-model-monitoring/5.12.3.redhat-00003/openshift-model-monitoring-5.12.3.redhat-00003.jar:/home/dscrimie/.m2/repository/io/fabric8/openshift-model-storageversionmigrator/5.12.3.redhat-00003/openshift-model-storageversionmigrator-5.12.3.redhat-00003.jar:/home/dscrimie/.m2/repository/io/fabric8/openshift-model-tuned/5.12.3.redhat-00003/openshift-model-tuned-5.12.3.redhat-00003.jar:/home/dscrimie/.m2/repository/io/fabric8/openshift-model-console/5.12.3.redhat-00003/openshift-model-console-5.12.3.redhat-00003.jar:/home/dscrimie/.m2/repository/io/fabric8/openshift-model-machineconfig/5.12.3.redhat-00003/openshift-model-machineconfig-5.12.3.redhat-00003.jar:/home/dscrimie/.m2/repository/io/fabric8/openshift-model-miscellaneous/5.12.3.redhat-00003/openshift-model-miscellaneous-5.12.3.redhat-00003.jar:/home/dscrimie/.m2/repository/io/fabric8/openshift-model-hive/5.12.3.redhat-00003/openshift-model-hive-5.12.3.redhat-00003.jar:/home/dscrimie/.m2/repository/io/fabric8/openshift-model-installer/5.12.3.redhat-00003/openshift-model-installer-5.12.3.redhat-00003.jar:/home/dscrimie/.m2/repository/org/hibernate/validator/hibernate-validator/6.2.5.Final/hibernate-validator-6.2.5.Final.jar:/home/dscrimie/.m2/repository/jakarta/validation/jakarta.validation-api/2.0.2/jakarta.validation-api-2.0.2.jar:/home/dscrimie/.m2/repository/com/fasterxml/classmate/1.5.1/classmate-1.5.1.jar:/home/dscrimie/.m2/repository/org/springframework/boot/spring-boot-starter-test/2.7.6/spring-boot-starter-test-2.7.6.jar:/home/dscrimie/.m2/repository/org/springframework/boot/spring-boot-test/2.7.6/spring-boot-test-2.7.6.jar:/home/dscrimie/.m2/repository/org/springframework/boot/spring-boot-test-autoconfigure/2.7.6/spring-boot-test-autoconfigure-2.7.6.jar:/home/dscrimie/.m2/repository/com/jayway/jsonpath/json-path/2.7.0/json-path-2.7.0.jar:/home/dscrimie/.m2/repository/net/minidev/json-smart/2.4.8/json-smart-2.4.8.jar:/home/dscrimie/.m2/repository/net/minidev/accessors-smart/2.4.8/accessors-smart-2.4.8.jar:/home/dscrimie/.m2/repository/org/ow2/asm/asm/9.1/asm-9.1.jar:/home/dscrimie/.m2/repository/org/slf4j/slf4j-api/1.7.36/slf4j-api-1.7.36.jar:/home/dscrimie/.m2/repository/jakarta/xml/bind/jakarta.xml.bind-api/2.3.3/jakarta.xml.bind-api-2.3.3.jar:/home/dscrimie/.m2/repository/jakarta/activation/jakarta.activation-api/1.2.2/jakarta.activation-api-1.2.2.jar:/home/dscrimie/.m2/repository/org/assertj/assertj-core/3.22.0/assertj-core-3.22.0.jar:/home/dscrimie/.m2/repository/org/hamcrest/hamcrest/2.2/hamcrest-2.2.jar:/home/dscrimie/.m2/repository/org/junit/jupiter/junit-jupiter/5.8.2/junit-jupiter-5.8.2.jar:/home/dscrimie/.m2/repository/org/junit/jupiter/junit-jupiter-api/5.8.2/junit-jupiter-api-5.8.2.jar:/home/dscrimie/.m2/repository/org/opentest4j/opentest4j/1.2.0/opentest4j-1.2.0.jar:/home/dscrimie/.m2/repository/org/junit/platform/junit-platform-commons/1.8.2/junit-platform-commons-1.8.2.jar:/home/dscrimie/.m2/repository/org/apiguardian/apiguardian-api/1.1.2/apiguardian-api-1.1.2.jar:/home/dscrimie/.m2/repository/org/junit/jupiter/junit-jupiter-params/5.8.2/junit-jupiter-params-5.8.2.jar:/home/dscrimie/.m2/repository/org/junit/jupiter/junit-jupiter-engine/5.8.2/junit-jupiter-engine-5.8.2.jar:/home/dscrimie/.m2/repository/org/junit/platform/junit-platform-engine/1.8.2/junit-platform-engine-1.8.2.jar:/home/dscrimie/.m2/repository/org/mockito/mockito-core/4.5.1/mockito-core-4.5.1.jar:/home/dscrimie/.m2/repository/net/bytebuddy/byte-buddy/1.12.19/byte-buddy-1.12.19.jar:/home/dscrimie/.m2/repository/net/bytebuddy/byte-buddy-agent/1.12.19/byte-buddy-agent-1.12.19.jar:/home/dscrimie/.m2/repository/org/objenesis/objenesis/3.2/objenesis-3.2.jar:/home/dscrimie/.m2/repository/org/mockito/mockito-junit-jupiter/4.5.1/mockito-junit-jupiter-4.5.1.jar:/home/dscrimie/.m2/repository/org/skyscreamer/jsonassert/1.5.1/jsonassert-1.5.1.jar:/home/dscrimie/.m2/repository/com/vaadin/external/google/android-json/0.0.20131108.vaadin1/android-json-0.0.20131108.vaadin1.jar:/home/dscrimie/.m2/repository/org/springframework/spring-core/5.3.24/spring-core-5.3.24.jar:/home/dscrimie/.m2/repository/org/springframework/spring-jcl/5.3.24/spring-jcl-5.3.24.jar:/home/dscrimie/.m2/repository/org/springframework/spring-test/5.3.24/spring-test-5.3.24.jar:/home/dscrimie/.m2/repository/org/xmlunit/xmlunit-core/2.9.0/xmlunit-core-2.9.0.jar:/home/dscrimie/.m2/repository/org/apache/camel/camel-test-spring-junit5/3.18.3/camel-test-spring-junit5-3.18.3.jar:/home/dscrimie/.m2/repository/org/apache/camel/camel-test-junit5/3.18.3/camel-test-junit5-3.18.3.jar:/home/dscrimie/.m2/repository/org/apache/camel/camel-core-languages/3.18.3/camel-core-languages-3.18.3.jar:/home/dscrimie/.m2/repository/org/apache/camel/camel-spring-xml/3.18.3/camel-spring-xml-3.18.3.jar:/home/dscrimie/.m2/repository/org/apache/camel/camel-xml-jaxb/3.18.3/camel-xml-jaxb-3.18.3.jar:/home/dscrimie/.m2/repository/com/sun/xml/bind/jaxb-core/2.3.0/jaxb-core-2.3.0.jar:/home/dscrimie/.m2/repository/com/sun/xml/bind/jaxb-impl/2.3.3/jaxb-impl-2.3.3.jar:/home/dscrimie/.m2/repository/com/sun/activation/jakarta.activation/1.2.2/jakarta.activation-1.2.2.jar:/home/dscrimie/.m2/repository/org/apache/camel/camel-core-xml/3.18.3/camel-core-xml-3.18.3.jar:/home/dscrimie/.m2/repository/javax/annotation/javax.annotation-api/1.3.2/javax.annotation-api-1.3.2.jar:"/>
    <property name="sun.cpu.endian" value="little"/>
    <property name="user.home" value="/home/dscrimie"/>
    <property name="user.language" value="it"/>
    <property name="java.specification.vendor" value="Oracle Corporation"/>
    <property name="java.version.date" value="2024-10-15"/>
    <property name="java.home" value="/usr/lib/jvm/java-17-openjdk-17.0.13.0.11-3.fc41.x86_64"/>
    <property name="file.separator" value="/"/>
    <property name="basedir" value="/home/dscrimie/Lavoro/camel-route-job-springboot"/>
    <property name="java.vm.compressedOopsMode" value="Zero based"/>
    <property name="line.separator" value="&#10;"/>
    <property name="java.vm.specification.vendor" value="Oracle Corporation"/>
    <property name="java.specification.name" value="Java Platform API Specification"/>
    <property name="FILE_LOG_CHARSET" value="UTF-8"/>
    <property name="java.awt.headless" value="true"/>
    <property name="surefire.real.class.path" value="/home/dscrimie/Lavoro/camel-route-job-springboot/target/surefire/surefirebooter461709321484190921.jar"/>
    <property name="sun.management.compiler" value="HotSpot 64-Bit Tiered Compilers"/>
    <property name="java.runtime.version" value="17.0.13+11"/>
    <property name="user.name" value="dscrimie"/>
    <property name="path.separator" value=":"/>
    <property name="os.version" value="6.11.10-300.fc41.x86_64"/>
    <property name="java.runtime.name" value="OpenJDK Runtime Environment"/>
    <property name="file.encoding" value="UTF-8"/>
    <property name="spring.beaninfo.ignore" value="true"/>
    <property name="java.vm.name" value="OpenJDK 64-Bit Server VM"/>
    <property name="java.vendor.version" value="(Red_Hat-17.0.13.0.11-1)"/>
    <property name="localRepository" value="/home/dscrimie/.m2/repository"/>
    <property name="java.vendor.url.bug" value="https://bugzilla.redhat.com/enter_bug.cgi?product=Fedora&amp;component=java-17-openjdk&amp;version=39"/>
    <property name="java.io.tmpdir" value="/tmp"/>
    <property name="java.version" value="17.0.13"/>
    <property name="user.dir" value="/home/dscrimie/Lavoro/camel-route-job-springboot"/>
    <property name="os.arch" value="amd64"/>
    <property name="java.vm.specification.name" value="Java Virtual Machine Specification"/>
    <property name="PID" value="24718"/>
    <property name="CONSOLE_LOG_CHARSET" value="UTF-8"/>
    <property name="native.encoding" value="UTF-8"/>
    <property name="java.library.path" value="/usr/java/packages/lib:/usr/lib64:/lib64:/lib:/usr/lib"/>
    <property name="java.vm.info" value="mixed mode, sharing"/>
    <property name="java.vendor" value="Red Hat, Inc."/>
    <property name="java.vm.version" value="17.0.13+11"/>
    <property name="java.specification.maintenance.version" value="1"/>
    <property name="sun.io.unicode.encoding" value="UnicodeLittle"/>
    <property name="java.class.version" value="61.0"/>
  </properties>
  <testcase name="test" classname="com.example.MySpringBootApplicationTest" time="1.158"/>
</testsuite>